Performing C++ SOURCE FILE Test COMPILER_SUPPORTS_NEON failed with the following output:
Change Dir: /opt/wifibroadcast/CMakeFiles/CMakeTmp

Run Build Command(s):/usr/bin/gmake -f Makefile cmTC_4005c/fast && /usr/bin/gmake  -f CMakeFiles/cmTC_4005c.dir/build.make CMakeFiles/cmTC_4005c.dir/build
gmake[1]: Entering directory '/opt/wifibroadcast/CMakeFiles/CMakeTmp'
Building CXX object CMakeFiles/cmTC_4005c.dir/src.cxx.o
/usr/bin/c++ -DCOMPILER_SUPPORTS_NEON  -mfpu=neon -std=gnu++20 -o CMakeFiles/cmTC_4005c.dir/src.cxx.o -c /opt/wifibroadcast/CMakeFiles/CMakeTmp/src.cxx
c++: error: unrecognized command-line option '-mfpu=neon'
gmake[1]: *** [CMakeFiles/cmTC_4005c.dir/build.make:78: CMakeFiles/cmTC_4005c.dir/src.cxx.o] Error 1
gmake[1]: Leaving directory '/opt/wifibroadcast/CMakeFiles/CMakeTmp'
gmake: *** [Makefile:127: cmTC_4005c/fast] Error 2


Source file was:
int main() { return 0; }
Determining if the function pcap_get_pfring_id exists failed with the following output:
Change Dir: /opt/wifibroadcast/CMakeFiles/CMakeTmp

Run Build Command(s):/usr/bin/gmake -f Makefile cmTC_64a46/fast && /usr/bin/gmake  -f CMakeFiles/cmTC_64a46.dir/build.make CMakeFiles/cmTC_64a46.dir/build
gmake[1]: Entering directory '/opt/wifibroadcast/CMakeFiles/CMakeTmp'
Building C object CMakeFiles/cmTC_64a46.dir/CheckFunctionExists.c.o
/usr/bin/cc   -DCHECK_FUNCTION_EXISTS=pcap_get_pfring_id -o CMakeFiles/cmTC_64a46.dir/CheckFunctionExists.c.o -c /usr/share/cmake-3.22/Modules/CheckFunctionExists.c
Linking C executable cmTC_64a46
/usr/bin/cmake -E cmake_link_script CMakeFiles/cmTC_64a46.dir/link.txt --verbose=1
/usr/bin/cc  -DCHECK_FUNCTION_EXISTS=pcap_get_pfring_id CMakeFiles/cmTC_64a46.dir/CheckFunctionExists.c.o -o cmTC_64a46  /usr/lib/x86_64-linux-gnu/libpcap.so 
/usr/bin/ld: CMakeFiles/cmTC_64a46.dir/CheckFunctionExists.c.o: in function `main':
CheckFunctionExists.c:(.text+0x14): undefined reference to `pcap_get_pfring_id'
collect2: error: ld returned 1 exit status
gmake[1]: *** [CMakeFiles/cmTC_64a46.dir/build.make:100: cmTC_64a46] Error 1
gmake[1]: Leaving directory '/opt/wifibroadcast/CMakeFiles/CMakeTmp'
gmake: *** [Makefile:127: cmTC_64a46/fast] Error 2



